<?xml version="1.0" encoding="UTF-8"?>
<testng-results skipped="0" failed="1" ignored="0" total="2" passed="1">
  <reporter-output>
  </reporter-output>
  <suite name="Migo Suite" duration-ms="79423" started-at="2020-05-11T18:28:30Z" finished-at="2020-05-11T18:29:50Z">
    <groups>
    </groups>
    <test name="ASUS_Zenfone3_Android_8.0.0" duration-ms="59486" started-at="2020-05-11T18:28:30Z" finished-at="2020-05-11T18:29:30Z">
      <class name="com.pCloudy.android.tests.pCloudyAndroidTest">
        <test-method status="PASS" signature="startApp(java.lang.String, java.lang.String)[pri:0, instance:[pCloudyAndroidTest passed=0 failed=0 skipped=0]]" name="startApp" is-config="true" duration-ms="46739" started-at="2020-05-11T23:58:30Z" finished-at="2020-05-11T23:59:17Z">
          <params>
            <param index="0">
              <value>
                <![CDATA[ASUS_Zenfone3_Android_8.0.0]]>
              </value>
            </param>
            <param index="1">
              <value>
                <![CDATA[8.0.0]]>
              </value>
            </param>
          </params>
          <reporter-output>
          </reporter-output>
        </test-method> <!-- startApp -->
        <test-method status="PASS" signature="reportStartUp(java.lang.reflect.Method, java.lang.String)[pri:0, instance:[pCloudyAndroidTest passed=0 failed=0 skipped=0]]" name="reportStartUp" is-config="true" duration-ms="1" started-at="2020-05-11T23:59:17Z" finished-at="2020-05-11T23:59:17Z">
          <params>
            <param index="0">
              <value>
                <![CDATA[public void com.pCloudy.android.tests.pCloudyAndroidTest.SampleAndroidTest(java.lang.String) throws java.lang.InterruptedException]]>
              </value>
            </param>
            <param index="1">
              <value>
                <![CDATA[ASUS_Zenfone3_Android_8.0.0]]>
              </value>
            </param>
          </params>
          <reporter-output>
          </reporter-output>
        </test-method> <!-- reportStartUp -->
        <test-method status="PASS" signature="SampleAndroidTest(java.lang.String)[pri:0, instance:[pCloudyAndroidTest passed=0 failed=0 skipped=0]]" name="SampleAndroidTest" duration-ms="12089" started-at="2020-05-11T23:59:17Z" finished-at="2020-05-11T23:59:29Z">
          <params>
            <param index="0">
              <value>
                <![CDATA[8.0.0]]>
              </value>
            </param>
          </params>
          <reporter-output>
          </reporter-output>
        </test-method> <!-- SampleAndroidTest -->
        <test-method status="PASS" signature="reportTearDown(java.lang.reflect.Method, java.lang.String, org.testng.ITestResult)[pri:0, instance:[pCloudyAndroidTest passed=0 failed=0 skipped=0]]" name="reportTearDown" is-config="true" duration-ms="3" started-at="2020-05-11T23:59:29Z" finished-at="2020-05-11T23:59:29Z">
          <params>
            <param index="0">
              <value>
                <![CDATA[public void com.pCloudy.android.tests.pCloudyAndroidTest.SampleAndroidTest(java.lang.String) throws java.lang.InterruptedException]]>
              </value>
            </param>
            <param index="1">
              <value>
                <![CDATA[ASUS_Zenfone3_Android_8.0.0]]>
              </value>
            </param>
            <param index="2">
              <value>
                <![CDATA[[TestResult name=SampleAndroidTest on [pCloudyAndroidTest passed=0 failed=0 skipped=0] status=SUCCESS method=pCloudyAndroidTest.SampleAndroidTest(java.lang.String)[pri:0, instance:[pCloudyAndroidTest passed=0 failed=0 skipped=0]] output={null}]]]>
              </value>
            </param>
          </params>
          <reporter-output>
          </reporter-output>
        </test-method> <!-- reportTearDown -->
        <test-method status="PASS" signature="stopApp(java.lang.String)[pri:0, instance:[pCloudyAndroidTest passed=0 failed=0 skipped=0]]" name="stopApp" is-config="true" duration-ms="634" started-at="2020-05-11T23:59:29Z" finished-at="2020-05-11T23:59:30Z">
          <params>
            <param index="0">
              <value>
                <![CDATA[ASUS_Zenfone3_Android_8.0.0]]>
              </value>
            </param>
          </params>
          <reporter-output>
          </reporter-output>
        </test-method> <!-- stopApp -->
        <test-method status="PASS" signature="flushReport()[pri:0, instance:[pCloudyAndroidTest passed=0 failed=0 skipped=0]]" name="flushReport" is-config="true" duration-ms="312" started-at="2020-05-11T23:59:50Z" finished-at="2020-05-11T23:59:50Z">
          <reporter-output>
          </reporter-output>
        </test-method> <!-- flushReport -->
      </class> <!-- com.pCloudy.android.tests.pCloudyAndroidTest -->
    </test> <!-- ASUS_Zenfone3_Android_8.0.0 -->
    <test name="Test" duration-ms="79423" started-at="2020-05-11T18:28:30Z" finished-at="2020-05-11T18:29:50Z">
      <class name="com.pCloudy.android.tests.pCloudyAndroidTest">
        <test-method status="PASS" signature="startApp(java.lang.String, java.lang.String)[pri:0, instance:[pCloudyAndroidTest passed=0 failed=0 skipped=0]]" name="startApp" is-config="true" duration-ms="48097" started-at="2020-05-11T23:58:30Z" finished-at="2020-05-11T23:59:18Z">
          <params>
            <param index="0">
              <value>
                <![CDATA[LENOVO_VibeZ2Pro_Android_5.0.2]]>
              </value>
            </param>
            <param index="1">
              <value>
                <![CDATA[5.0.2]]>
              </value>
            </param>
          </params>
          <reporter-output>
          </reporter-output>
        </test-method> <!-- startApp -->
        <test-method status="PASS" signature="reportStartUp(java.lang.reflect.Method, java.lang.String)[pri:0, instance:[pCloudyAndroidTest passed=0 failed=0 skipped=0]]" name="reportStartUp" is-config="true" duration-ms="1" started-at="2020-05-11T23:59:18Z" finished-at="2020-05-11T23:59:18Z">
          <params>
            <param index="0">
              <value>
                <![CDATA[public void com.pCloudy.android.tests.pCloudyAndroidTest.SampleAndroidTest(java.lang.String) throws java.lang.InterruptedException]]>
              </value>
            </param>
            <param index="1">
              <value>
                <![CDATA[LENOVO_VibeZ2Pro_Android_5.0.2]]>
              </value>
            </param>
          </params>
          <reporter-output>
          </reporter-output>
        </test-method> <!-- reportStartUp -->
        <test-method status="FAIL" signature="SampleAndroidTest(java.lang.String)[pri:0, instance:[pCloudyAndroidTest passed=0 failed=0 skipped=0]]" name="SampleAndroidTest" duration-ms="26177" started-at="2020-05-11T23:59:18Z" finished-at="2020-05-11T23:59:44Z">
          <params>
            <param index="0">
              <value>
                <![CDATA[5.0.2]]>
              </value>
            </param>
          </params>
          <exception class="org.openqa.selenium.TimeoutException">
            <message>
              <![CDATA[Expected condition failed: waiting for visibility of Located by By.chained({By.xpath: //android.widget.Button[@resource-id='com.pcloudy.appiumdemo:id/accept']}) (tried for 20 second(s) with 500 milliseconds interval)]]>
            </message>
            <full-stacktrace>
              <![CDATA[org.openqa.selenium.TimeoutException: Expected condition failed: waiting for visibility of Located by By.chained({By.xpath: //android.widget.Button[@resource-id='com.pcloudy.appiumdemo:id/accept']}) (tried for 20 second(s) with 500 milliseconds interval)
	at org.openqa.selenium.support.ui.WebDriverWait.timeoutException(WebDriverWait.java:95)
	at org.openqa.selenium.support.ui.FluentWait.until(FluentWait.java:272)
	at com.pCloudy.appium.utils.CommonAppiumTest.waitForElementInSeconds(CommonAppiumTest.java:132)
	at com.pCloudy.pages.PcloudyHomePage.clickOnAllowButton(PcloudyHomePage.java:27)
	at com.pCloudy.android.tests.pCloudyAndroidTest.SampleAndroidTest(pCloudyAndroidTest.java:28)
	at sun.reflect.NativeMethodAccessorImpl.invoke0(Native Method)
	at sun.reflect.NativeMethodAccessorImpl.invoke(NativeMethodAccessorImpl.java:62)
	at sun.reflect.DelegatingMethodAccessorImpl.invoke(DelegatingMethodAccessorImpl.java:43)
	at java.lang.reflect.Method.invoke(Method.java:498)
	at org.testng.internal.MethodInvocationHelper.invokeMethod(MethodInvocationHelper.java:108)
	at org.testng.internal.Invoker.invokeMethod(Invoker.java:661)
	at org.testng.internal.Invoker.invokeTestMethod(Invoker.java:869)
	at org.testng.internal.Invoker.invokeTestMethods(Invoker.java:1193)
	at org.testng.internal.TestMethodWorker.invokeTestMethods(TestMethodWorker.java:126)
	at org.testng.internal.TestMethodWorker.run(TestMethodWorker.java:109)
	at org.testng.TestRunner.privateRun(TestRunner.java:744)
	at org.testng.TestRunner.run(TestRunner.java:602)
	at org.testng.SuiteRunner.runTest(SuiteRunner.java:380)
	at org.testng.SuiteRunner.access$000(SuiteRunner.java:39)
	at org.testng.SuiteRunner$SuiteWorker.run(SuiteRunner.java:414)
	at org.testng.internal.thread.ThreadUtil$1.call(ThreadUtil.java:52)
	at java.util.concurrent.FutureTask.run(FutureTask.java:266)
	at java.util.concurrent.ThreadPoolExecutor.runWorker(ThreadPoolExecutor.java:1149)
	at java.util.concurrent.ThreadPoolExecutor$Worker.run(ThreadPoolExecutor.java:624)
	at java.lang.Thread.run(Thread.java:748)
Caused by: org.openqa.selenium.NoSuchElementException: Can't locate an element by this strategy: By.chained({By.xpath: //android.widget.Button[@resource-id='com.pcloudy.appiumdemo:id/accept']})
	at io.appium.java_client.pagefactory.AppiumElementLocator.findElement(AppiumElementLocator.java:126)
	at io.appium.java_client.pagefactory.interceptors.InterceptorOfASingleElement.intercept(InterceptorOfASingleElement.java:59)
	at io.appium.java_client.android.AndroidElement$$EnhancerByCGLIB$$b598166c.isDisplayed(<generated>)
	at org.openqa.selenium.support.ui.ExpectedConditions.elementIfVisible(ExpectedConditions.java:314)
	at org.openqa.selenium.support.ui.ExpectedConditions.access$000(ExpectedConditions.java:43)
	at org.openqa.selenium.support.ui.ExpectedConditions$10.apply(ExpectedConditions.java:300)
	at org.openqa.selenium.support.ui.ExpectedConditions$10.apply(ExpectedConditions.java:297)
	at org.openqa.selenium.support.ui.FluentWait.until(FluentWait.java:249)
	... 23 more
Caused by: org.openqa.selenium.TimeoutException: Expected condition failed: waiting for io.appium.java_client.pagefactory.AppiumElementLocator$WaitingFunction@51cc8e41 (tried for 5 second(s) with 500 milliseconds interval)
	at org.openqa.selenium.support.ui.FluentWait.timeoutException(FluentWait.java:304)
	at org.openqa.selenium.support.ui.FluentWait.until(FluentWait.java:272)
	at io.appium.java_client.pagefactory.AppiumElementLocator.waitFor(AppiumElementLocator.java:99)
	at io.appium.java_client.pagefactory.AppiumElementLocator.findElement(AppiumElementLocator.java:119)
	... 30 more
Caused by: org.openqa.selenium.NoSuchElementException: Cannot locate an element using By.chained({By.xpath: //android.widget.Button[@resource-id='com.pcloudy.appiumdemo:id/accept']})
For documentation on this error, please visit: https://www.seleniumhq.org/exceptions/no_such_element.html
Build info: version: '3.141.59', revision: 'e82be7d358', time: '2018-11-14T08:17:03'
System info: host: 'radmin-pc', ip: '127.0.1.1', os.name: 'Linux', os.arch: 'amd64', os.version: '4.4.0-177-generic', java.version: '1.8.0_181'
Driver info: driver.version: AndroidDriver
	at io.appium.java_client.pagefactory.bys.builder.ByChained.findElement(ByChained.java:74)
	at org.openqa.selenium.remote.RemoteWebDriver.findElement(RemoteWebDriver.java:315)
	at io.appium.java_client.DefaultGenericMobileDriver.findElement(DefaultGenericMobileDriver.java:57)
	at io.appium.java_client.AppiumDriver.findElement(AppiumDriver.java:1)
	at io.appium.java_client.android.AndroidDriver.findElement(AndroidDriver.java:1)
	at io.appium.java_client.pagefactory.bys.ContentMappedBy.findElement(ContentMappedBy.java:50)
	at org.openqa.selenium.remote.RemoteWebDriver.findElement(RemoteWebDriver.java:315)
	at io.appium.java_client.DefaultGenericMobileDriver.findElement(DefaultGenericMobileDriver.java:57)
	at io.appium.java_client.AppiumDriver.findElement(AppiumDriver.java:1)
	at io.appium.java_client.android.AndroidDriver.findElement(AndroidDriver.java:1)
	at io.appium.java_client.pagefactory.AppiumElementLocator.lambda$0(AppiumElementLocator.java:120)
	at io.appium.java_client.pagefactory.AppiumElementLocator$WaitingFunction.apply(AppiumElementLocator.java:172)
	at io.appium.java_client.pagefactory.AppiumElementLocator$WaitingFunction.apply(AppiumElementLocator.java:1)
	at org.openqa.selenium.support.ui.FluentWait.until(FluentWait.java:249)
	... 32 more
]]>
            </full-stacktrace>
          </exception> <!-- org.openqa.selenium.TimeoutException -->
          <reporter-output>
          </reporter-output>
        </test-method> <!-- SampleAndroidTest -->
        <test-method status="PASS" signature="reportTearDown(java.lang.reflect.Method, java.lang.String, org.testng.ITestResult)[pri:0, instance:[pCloudyAndroidTest passed=0 failed=0 skipped=0]]" name="reportTearDown" is-config="true" duration-ms="2997" started-at="2020-05-11T23:59:44Z" finished-at="2020-05-11T23:59:47Z">
          <params>
            <param index="0">
              <value>
                <![CDATA[public void com.pCloudy.android.tests.pCloudyAndroidTest.SampleAndroidTest(java.lang.String) throws java.lang.InterruptedException]]>
              </value>
            </param>
            <param index="1">
              <value>
                <![CDATA[LENOVO_VibeZ2Pro_Android_5.0.2]]>
              </value>
            </param>
            <param index="2">
              <value>
                <![CDATA[[TestResult name=SampleAndroidTest on [pCloudyAndroidTest passed=0 failed=0 skipped=0] status=FAILURE method=pCloudyAndroidTest.SampleAndroidTest(java.lang.String)[pri:0, instance:[pCloudyAndroidTest passed=0 failed=0 skipped=0]] output={null}]]]>
              </value>
            </param>
          </params>
          <reporter-output>
          </reporter-output>
        </test-method> <!-- reportTearDown -->
        <test-method status="PASS" signature="stopApp(java.lang.String)[pri:0, instance:[pCloudyAndroidTest passed=0 failed=0 skipped=0]]" name="stopApp" is-config="true" duration-ms="2135" started-at="2020-05-11T23:59:47Z" finished-at="2020-05-11T23:59:50Z">
          <params>
            <param index="0">
              <value>
                <![CDATA[LENOVO_VibeZ2Pro_Android_5.0.2]]>
              </value>
            </param>
          </params>
          <reporter-output>
          </reporter-output>
        </test-method> <!-- stopApp -->
      </class> <!-- com.pCloudy.android.tests.pCloudyAndroidTest -->
    </test> <!-- Test -->
  </suite> <!-- Migo Suite -->
</testng-results>
